<?xml version="1.0" encoding="UTF-8"?>
<!-- Generated by org.testng.reporters.JUnitReportReporter -->
<testsuite hostname="3I-PC0CF2KE" failures="0" tests="3" name="TestCases.ParallelFirefoxTest" time="32.935" errors="0" timestamp="6 Mar 2024 13:09:32 GMT">
  <testcase classname="TestCases.ParallelFirefoxTest" name="TestCaseTwo" time="18.557"/>
  <testcase classname="TestCases.ParallelFirefoxTest" name="TestCaseOne" time="6.173"/>
  <testcase classname="TestCases.ParallelFirefoxTest" name="TestCaseThree" time="8.205"/>
</testsuite> <!-- TestCases.ParallelFirefoxTest -->
